<?xml version="1.0" encoding="UTF-8"?>
<!-- Generated by org.testng.reporters.JUnitXMLReporter -->
<testsuite ignored="1" hostname="DESKTOP-9PVSULT" failures="0" tests="1" name="COI Request" time="58.538" errors="0" timestamp="2023-12-18T21:47:30 IST">
  <testcase classname="tests.DisPotentionlConflictTile" name="disclosePotentialConflictCompetitors" time="48.262"/>
  <testcase classname="tests.DisPotentionlConflictTile" name="disclosePotentialConflictCustomers" time="0.0">
    <ignored/>
  </testcase> <!-- disclosePotentialConflictCustomers -->
</testsuite> <!-- COI Request -->
