<?xml version="1.0" encoding="UTF-8"?>
<!-- Generated by org.testng.reporters.JUnitXMLReporter -->
<testsuite ignored="0" hostname="DESKTOP-9PVSULT" failures="0" tests="2" name="COI Request" time="114.003" errors="0" timestamp="2023-12-15T16:50:58 IST">
  <testcase classname="tests.DisPotentionlConflictTile" name="disclosePotentialConflictCompetitors" time="47.327"/>
  <testcase classname="tests.DisPotentionlConflictTile" name="disclosePotentialConflictCustomers" time="44.285"/>
</testsuite> <!-- COI Request -->
