<?xml version="1.0" encoding="UTF-8"?>
<!-- Generated by org.testng.reporters.JUnitXMLReporter -->
<testsuite ignored="0" hostname="DESKTOP-9PVSULT" failures="0" tests="8" name="Login" time="191.215" errors="0" timestamp="31 May 2023 07:01:47 GMT">
  <testcase classname="Test_Page.test_login" name="login" time="24.265"/>
  <testcase classname="Test_Page.test_login" name="login" time="23.057"/>
  <testcase classname="Test_Page.test_login" name="login" time="23.031"/>
  <testcase classname="Test_Page.test_login" name="login" time="23.188"/>
  <testcase classname="Test_Page.test_login" name="login" time="23.287"/>
  <testcase classname="Test_Page.test_login" name="login" time="22.841"/>
  <testcase classname="Test_Page.test_login" name="login" time="23.329"/>
  <testcase classname="Test_Page.test_login" name="login" time="23.329"/>
</testsuite> <!-- Login -->
