<?xml version="1.0" encoding="UTF-8"?>
<!-- Generated by org.testng.reporters.JUnitXMLReporter -->
<testsuite ignored="0" hostname="DESKTOP-9PVSULT" failures="1" tests="1" name="Validating Pre-Approval Heading" time="25.291" errors="0" timestamp="2023-12-21T19:38:27 IST">
  <testcase classname="tests.PreApprovalHeadingValidationTest" name="preApprovalHeadingValidation" time="11.117">
    <failure type="java.lang.AssertionError" message="The following asserts failed:
	Title is not Matching expected [Start an Approvals Request] but found [Start an Approval Request or Disclosure]">
      <![CDATA[java.lang.AssertionError: The following asserts failed:
Title is not Matching expected [Start an Approvals Request] but found [Start an Approval Request or Disclosure]
at tests.PreApprovalHeadingValidationTest.preApprovalHeadingValidation(PreApprovalHeadingValidationTest.java:33)
at java.base/java.util.ArrayList.forEach(ArrayList.java:1511)
... Removed 29 stack frames]]>
    </failure>
  </testcase> <!-- preApprovalHeadingValidation -->
</testsuite> <!-- Validating Pre-Approval Heading -->
