<?xml version="1.0" encoding="UTF-8"?>
<!-- Generated by org.testng.reporters.JUnitXMLReporter -->
<testsuite hostname="DESKTOP-9PVSULT" ignored="1" name="COI Request" tests="1" failures="0" timestamp="21 Dec 2023 14:04:58 GMT" time="60.152" errors="0">
  <testcase name="disclosePotentialConflictCompetitors" time="46.881" classname="tests.DisPotentionlConflictTileTest"/>
  <testcase name="disclosePotentialConflictCustomers" time="0.0" classname="tests.DisPotentionlConflictTileTest">
    <ignored/>
  </testcase> <!-- disclosePotentialConflictCustomers -->
</testsuite> <!-- COI Request -->
