<?xml version="1.0" encoding="UTF-8"?>
<testng-results retried="1" ignored="0" total="7" passed="5" failed="1" skipped="0">
  <reporter-output>
  </reporter-output>
  <suite started-at="2023-12-15T16:47:55 IST" name="Suite" finished-at="2023-12-15T16:54:01 IST" duration-ms="366066">
    <groups>
    </groups>
    <test started-at="2023-12-15T16:47:55 IST" name="Landing Page" finished-at="2023-12-15T16:48:20 IST" duration-ms="24578">
      <class name="tests.GatewayPage">
        <test-method is-config="true" signature="LandingPage()[pri:0, instance:tests.GatewayPage@376a0d86]" started-at="2023-12-15T16:47:55 IST" name="LandingPage" finished-at="2023-12-15T16:48:07 IST" duration-ms="12156" status="PASS">
          <reporter-output>
          </reporter-output>
        </test-method> <!-- LandingPage -->
        <test-method signature="demoGatewayPage()[pri:0, instance:tests.GatewayPage@376a0d86]" started-at="2023-12-15T16:48:07 IST" name="demoGatewayPage" finished-at="2023-12-15T16:48:19 IST" duration-ms="11921" status="PASS">
          <reporter-output>
          </reporter-output>
        </test-method> <!-- demoGatewayPage -->
        <test-method is-config="true" signature="tearDown()[pri:0, instance:tests.GatewayPage@376a0d86]" started-at="2023-12-15T16:48:19 IST" name="tearDown" finished-at="2023-12-15T16:48:20 IST" duration-ms="414" status="PASS">
          <reporter-output>
          </reporter-output>
        </test-method> <!-- tearDown -->
      </class> <!-- tests.GatewayPage -->
    </test> <!-- Landing Page -->
    <test started-at="2023-12-15T16:48:21 IST" name="Validating Pre-Approval Heading" finished-at="2023-12-15T16:49:03 IST" duration-ms="42830">
      <class name="tests.PreApprovalHeadingValidation">
        <test-method is-config="true" signature="LandingPage()[pri:0, instance:tests.PreApprovalHeadingValidation@2e32ccc5]" started-at="2023-12-15T16:48:21 IST" name="LandingPage" finished-at="2023-12-15T16:48:31 IST" duration-ms="10636" status="PASS">
          <reporter-output>
          </reporter-output>
        </test-method> <!-- LandingPage -->
        <test-method retried="true" signature="preApprovalHeadingValidation()[pri:0, instance:tests.PreApprovalHeadingValidation@2e32ccc5]" started-at="2023-12-15T16:48:31 IST" name="preApprovalHeadingValidation" finished-at="2023-12-15T16:48:42 IST" duration-ms="10427" status="SKIP">
          <exception class="java.lang.AssertionError">
            <message>
              <![CDATA[The following asserts failed:
Title is not Matching expected [Start an Approvals Request] but found [Start an Approval Request or Disclosure]]]>
            </message>
            <full-stacktrace>
              <![CDATA[java.lang.AssertionError: The following asserts failed:
Title is not Matching expected [Start an Approvals Request] but found [Start an Approval Request or Disclosure]
at org.testng.asserts.SoftAssert.assertAll(SoftAssert.java:47)
at org.testng.asserts.SoftAssert.assertAll(SoftAssert.java:31)
at tests.PreApprovalHeadingValidation.preApprovalHeadingValidation(PreApprovalHeadingValidation.java:33)
at java.base/jdk.internal.reflect.NativeMethodAccessorImpl.invoke0(Native Method)
at java.base/jdk.internal.reflect.NativeMethodAccessorImpl.invoke(NativeMethodAccessorImpl.java:78)
at java.base/jdk.internal.reflect.DelegatingMethodAccessorImpl.invoke(DelegatingMethodAccessorImpl.java:43)
at java.base/java.lang.reflect.Method.invoke(Method.java:567)
at org.testng.internal.MethodInvocationHelper.invokeMethod(MethodInvocationHelper.java:133)
at org.testng.internal.TestInvoker.invokeMethod(TestInvoker.java:598)
at org.testng.internal.TestInvoker.invokeTestMethod(TestInvoker.java:173)
at org.testng.internal.MethodRunner.runInSequence(MethodRunner.java:46)
at org.testng.internal.TestInvoker$MethodInvocationAgent.invoke(TestInvoker.java:824)
at org.testng.internal.TestInvoker.invokeTestMethods(TestInvoker.java:146)
at org.testng.internal.TestMethodWorker.invokeTestMethods(TestMethodWorker.java:146)
at org.testng.internal.TestMethodWorker.run(TestMethodWorker.java:128)
at java.base/java.util.ArrayList.forEach(ArrayList.java:1511)
at org.testng.TestRunner.privateRun(TestRunner.java:794)
at org.testng.TestRunner.run(TestRunner.java:596)
at org.testng.SuiteRunner.runTest(SuiteRunner.java:377)
at org.testng.SuiteRunner.runSequentially(SuiteRunner.java:371)
at org.testng.SuiteRunner.privateRun(SuiteRunner.java:332)
at org.testng.SuiteRunner.run(SuiteRunner.java:276)
at org.testng.SuiteRunnerWorker.runSuite(SuiteRunnerWorker.java:53)
at org.testng.SuiteRunnerWorker.run(SuiteRunnerWorker.java:96)
at org.testng.TestNG.runSuitesSequentially(TestNG.java:1212)
at org.testng.TestNG.runSuitesLocally(TestNG.java:1134)
at org.testng.TestNG.runSuites(TestNG.java:1063)
at org.testng.TestNG.run(TestNG.java:1031)
at org.testng.remote.AbstractRemoteTestNG.run(AbstractRemoteTestNG.java:115)
at org.testng.remote.RemoteTestNG.initAndRun(RemoteTestNG.java:251)
at org.testng.remote.RemoteTestNG.main(RemoteTestNG.java:77)
]]>
            </full-stacktrace>
          </exception> <!-- java.lang.AssertionError -->
          <reporter-output>
          </reporter-output>
        </test-method> <!-- preApprovalHeadingValidation -->
        <test-method is-config="true" signature="tearDown()[pri:0, instance:tests.PreApprovalHeadingValidation@2e32ccc5]" started-at="2023-12-15T16:48:42 IST" name="tearDown" finished-at="2023-12-15T16:48:43 IST" duration-ms="833" status="PASS">
          <reporter-output>
          </reporter-output>
        </test-method> <!-- tearDown -->
        <test-method is-config="true" signature="LandingPage()[pri:0, instance:tests.PreApprovalHeadingValidation@2e32ccc5]" started-at="2023-12-15T16:48:43 IST" name="LandingPage" finished-at="2023-12-15T16:48:53 IST" duration-ms="10029" status="PASS">
          <reporter-output>
          </reporter-output>
        </test-method> <!-- LandingPage -->
        <test-method signature="preApprovalHeadingValidation()[pri:0, instance:tests.PreApprovalHeadingValidation@2e32ccc5]" started-at="2023-12-15T16:48:53 IST" name="preApprovalHeadingValidation" finished-at="2023-12-15T16:49:03 IST" duration-ms="10181" status="FAIL">
          <exception class="java.lang.AssertionError">
            <message>
              <![CDATA[The following asserts failed:
Title is not Matching expected [Start an Approvals Request] but found [Start an Approval Request or Disclosure],
Title is not Matching expected [Start an Approvals Request] but found [Start an Approval Request or Disclosure]]]>
            </message>
            <full-stacktrace>
              <![CDATA[java.lang.AssertionError: The following asserts failed:
Title is not Matching expected [Start an Approvals Request] but found [Start an Approval Request or Disclosure],
Title is not Matching expected [Start an Approvals Request] but found [Start an Approval Request or Disclosure]
at org.testng.asserts.SoftAssert.assertAll(SoftAssert.java:47)
at org.testng.asserts.SoftAssert.assertAll(SoftAssert.java:31)
at tests.PreApprovalHeadingValidation.preApprovalHeadingValidation(PreApprovalHeadingValidation.java:33)
at java.base/jdk.internal.reflect.NativeMethodAccessorImpl.invoke0(Native Method)
at java.base/jdk.internal.reflect.NativeMethodAccessorImpl.invoke(NativeMethodAccessorImpl.java:78)
at java.base/jdk.internal.reflect.DelegatingMethodAccessorImpl.invoke(DelegatingMethodAccessorImpl.java:43)
at java.base/java.lang.reflect.Method.invoke(Method.java:567)
at org.testng.internal.MethodInvocationHelper.invokeMethod(MethodInvocationHelper.java:133)
at org.testng.internal.TestInvoker.invokeMethod(TestInvoker.java:598)
at org.testng.internal.TestInvoker.retryFailed(TestInvoker.java:213)
at org.testng.internal.MethodRunner.runInSequence(MethodRunner.java:58)
at org.testng.internal.TestInvoker$MethodInvocationAgent.invoke(TestInvoker.java:824)
at org.testng.internal.TestInvoker.invokeTestMethods(TestInvoker.java:146)
at org.testng.internal.TestMethodWorker.invokeTestMethods(TestMethodWorker.java:146)
at org.testng.internal.TestMethodWorker.run(TestMethodWorker.java:128)
at java.base/java.util.ArrayList.forEach(ArrayList.java:1511)
at org.testng.TestRunner.privateRun(TestRunner.java:794)
at org.testng.TestRunner.run(TestRunner.java:596)
at org.testng.SuiteRunner.runTest(SuiteRunner.java:377)
at org.testng.SuiteRunner.runSequentially(SuiteRunner.java:371)
at org.testng.SuiteRunner.privateRun(SuiteRunner.java:332)
at org.testng.SuiteRunner.run(SuiteRunner.java:276)
at org.testng.SuiteRunnerWorker.runSuite(SuiteRunnerWorker.java:53)
at org.testng.SuiteRunnerWorker.run(SuiteRunnerWorker.java:96)
at org.testng.TestNG.runSuitesSequentially(TestNG.java:1212)
at org.testng.TestNG.runSuitesLocally(TestNG.java:1134)
at org.testng.TestNG.runSuites(TestNG.java:1063)
at org.testng.TestNG.run(TestNG.java:1031)
at org.testng.remote.AbstractRemoteTestNG.run(AbstractRemoteTestNG.java:115)
at org.testng.remote.RemoteTestNG.initAndRun(RemoteTestNG.java:251)
at org.testng.remote.RemoteTestNG.main(RemoteTestNG.java:77)
]]>
            </full-stacktrace>
          </exception> <!-- java.lang.AssertionError -->
          <reporter-output>
          </reporter-output>
        </test-method> <!-- preApprovalHeadingValidation -->
        <test-method is-config="true" signature="tearDown()[pri:0, instance:tests.PreApprovalHeadingValidation@2e32ccc5]" started-at="2023-12-15T16:49:03 IST" name="tearDown" finished-at="2023-12-15T16:49:03 IST" duration-ms="358" status="PASS">
          <reporter-output>
          </reporter-output>
        </test-method> <!-- tearDown -->
      </class> <!-- tests.PreApprovalHeadingValidation -->
    </test> <!-- Validating Pre-Approval Heading -->
    <test started-at="2023-12-15T16:49:04 IST" name="COI Request" finished-at="2023-12-15T16:50:58 IST" duration-ms="114003">
      <class name="tests.DisPotentionlConflictTile">
        <test-method is-config="true" signature="LandingPage()[pri:0, instance:tests.DisPotentionlConflictTile@4dd6fd0a]" started-at="2023-12-15T16:49:04 IST" name="LandingPage" finished-at="2023-12-15T16:49:14 IST" duration-ms="10588" status="PASS">
          <reporter-output>
          </reporter-output>
        </test-method> <!-- LandingPage -->
        <test-method signature="disclosePotentialConflictCompetitors()[pri:0, instance:tests.DisPotentionlConflictTile@4dd6fd0a]" started-at="2023-12-15T16:49:14 IST" name="disclosePotentialConflictCompetitors" finished-at="2023-12-15T16:50:02 IST" duration-ms="47327" status="PASS">
          <reporter-output>
          </reporter-output>
        </test-method> <!-- disclosePotentialConflictCompetitors -->
        <test-method is-config="true" signature="tearDown()[pri:0, instance:tests.DisPotentionlConflictTile@4dd6fd0a]" started-at="2023-12-15T16:50:02 IST" name="tearDown" finished-at="2023-12-15T16:50:02 IST" duration-ms="218" status="PASS">
          <reporter-output>
          </reporter-output>
        </test-method> <!-- tearDown -->
        <test-method is-config="true" signature="LandingPage()[pri:0, instance:tests.DisPotentionlConflictTile@4dd6fd0a]" started-at="2023-12-15T16:50:02 IST" name="LandingPage" finished-at="2023-12-15T16:50:13 IST" duration-ms="11265" status="PASS">
          <reporter-output>
          </reporter-output>
        </test-method> <!-- LandingPage -->
        <test-method signature="disclosePotentialConflictCustomers()[pri:0, instance:tests.DisPotentionlConflictTile@4dd6fd0a]" started-at="2023-12-15T16:50:13 IST" name="disclosePotentialConflictCustomers" finished-at="2023-12-15T16:50:57 IST" duration-ms="44285" status="PASS">
          <reporter-output>
          </reporter-output>
        </test-method> <!-- disclosePotentialConflictCustomers -->
        <test-method is-config="true" signature="tearDown()[pri:0, instance:tests.DisPotentionlConflictTile@4dd6fd0a]" started-at="2023-12-15T16:50:57 IST" name="tearDown" finished-at="2023-12-15T16:50:58 IST" duration-ms="312" status="PASS">
          <reporter-output>
          </reporter-output>
        </test-method> <!-- tearDown -->
      </class> <!-- tests.DisPotentionlConflictTile -->
    </test> <!-- COI Request -->
    <test started-at="2023-12-15T16:50:58 IST" name="PGTH Request" finished-at="2023-12-15T16:53:09 IST" duration-ms="130908">
      <class name="tests.PGTH">
        <test-method is-config="true" signature="LandingPage()[pri:0, instance:tests.PGTH@14a50707]" started-at="2023-12-15T16:50:58 IST" name="LandingPage" finished-at="2023-12-15T16:51:08 IST" duration-ms="10642" status="PASS">
          <reporter-output>
          </reporter-output>
        </test-method> <!-- LandingPage -->
        <test-method signature="Provide_a_Gift_Travel_or_Hospitality()[pri:0, instance:tests.PGTH@14a50707]" started-at="2023-12-15T16:51:08 IST" name="Provide_a_Gift_Travel_or_Hospitality" finished-at="2023-12-15T16:53:08 IST" duration-ms="119918" status="PASS">
          <reporter-output>
          </reporter-output>
        </test-method> <!-- Provide_a_Gift_Travel_or_Hospitality -->
        <test-method is-config="true" signature="tearDown()[pri:0, instance:tests.PGTH@14a50707]" started-at="2023-12-15T16:53:08 IST" name="tearDown" finished-at="2023-12-15T16:53:09 IST" duration-ms="340" status="PASS">
          <reporter-output>
          </reporter-output>
        </test-method> <!-- tearDown -->
      </class> <!-- tests.PGTH -->
    </test> <!-- PGTH Request -->
    <test started-at="2023-12-15T16:53:09 IST" name="RGTH Request" finished-at="2023-12-15T16:54:01 IST" duration-ms="52517">
      <class name="tests.RGTH">
        <test-method is-config="true" signature="LandingPage()[pri:0, instance:tests.RGTH@4ef782af]" started-at="2023-12-15T16:53:09 IST" name="LandingPage" finished-at="2023-12-15T16:53:19 IST" duration-ms="10822" status="PASS">
          <reporter-output>
          </reporter-output>
        </test-method> <!-- LandingPage -->
        <test-method signature="receiptGiftTravelHospitality()[pri:0, instance:tests.RGTH@4ef782af]" started-at="2023-12-15T16:53:19 IST" name="receiptGiftTravelHospitality" finished-at="2023-12-15T16:54:01 IST" duration-ms="41224" status="PASS">
          <reporter-output>
          </reporter-output>
        </test-method> <!-- receiptGiftTravelHospitality -->
        <test-method is-config="true" signature="tearDown()[pri:0, instance:tests.RGTH@4ef782af]" started-at="2023-12-15T16:54:01 IST" name="tearDown" finished-at="2023-12-15T16:54:01 IST" duration-ms="466" status="PASS">
          <reporter-output>
          </reporter-output>
        </test-method> <!-- tearDown -->
      </class> <!-- tests.RGTH -->
    </test> <!-- RGTH Request -->
  </suite> <!-- Suite -->
</testng-results>
