<?xml version="1.0" encoding="UTF-8"?>
<testng-results ignored="0" total="6" passed="5" failed="1" skipped="0">
  <reporter-output>
  </reporter-output>
  <suite started-at="2023-12-12T20:57:13 IST" name="Suite" finished-at="2023-12-12T21:02:48 IST" duration-ms="335637">
    <groups>
    </groups>
    <test started-at="2023-12-12T20:57:13 IST" name="Landing Page" finished-at="2023-12-12T20:57:36 IST" duration-ms="23401">
      <class name="tests.GatewayPage">
        <test-method is-config="true" signature="LandingPage()[pri:0, instance:tests.GatewayPage@376a0d86]" started-at="2023-12-12T20:57:13 IST" name="LandingPage" finished-at="2023-12-12T20:57:24 IST" duration-ms="11128" status="PASS">
          <reporter-output>
          </reporter-output>
        </test-method> <!-- LandingPage -->
        <test-method signature="demoGatewayPage()[pri:0, instance:tests.GatewayPage@376a0d86]" started-at="2023-12-12T20:57:24 IST" name="demoGatewayPage" finished-at="2023-12-12T20:57:36 IST" duration-ms="11852" status="PASS">
          <reporter-output>
          </reporter-output>
        </test-method> <!-- demoGatewayPage -->
        <test-method is-config="true" signature="tearDown()[pri:0, instance:tests.GatewayPage@376a0d86]" started-at="2023-12-12T20:57:36 IST" name="tearDown" finished-at="2023-12-12T20:57:36 IST" duration-ms="328" status="PASS">
          <reporter-output>
          </reporter-output>
        </test-method> <!-- tearDown -->
      </class> <!-- tests.GatewayPage -->
    </test> <!-- Landing Page -->
    <test started-at="2023-12-12T20:57:37 IST" name="Validating Pre-Approval Heading" finished-at="2023-12-12T20:57:56 IST" duration-ms="19273">
      <class name="tests.PreApprovalHeadingValidation">
        <test-method is-config="true" signature="LandingPage()[pri:0, instance:tests.PreApprovalHeadingValidation@3224a577]" started-at="2023-12-12T20:57:37 IST" name="LandingPage" finished-at="2023-12-12T20:57:46 IST" duration-ms="8724" status="PASS">
          <reporter-output>
          </reporter-output>
        </test-method> <!-- LandingPage -->
        <test-method signature="preApprovalHeadingValidation()[pri:0, instance:tests.PreApprovalHeadingValidation@3224a577]" started-at="2023-12-12T20:57:46 IST" name="preApprovalHeadingValidation" finished-at="2023-12-12T20:57:56 IST" duration-ms="10008" status="FAIL">
          <exception class="java.lang.AssertionError">
            <message>
              <![CDATA[The following asserts failed:
Title is not Matching expected [Start an Approvals Request] but found [Start an Approval Request or Disclosure]]]>
            </message>
            <full-stacktrace>
              <![CDATA[java.lang.AssertionError: The following asserts failed:
Title is not Matching expected [Start an Approvals Request] but found [Start an Approval Request or Disclosure]
at org.testng.asserts.SoftAssert.assertAll(SoftAssert.java:47)
at org.testng.asserts.SoftAssert.assertAll(SoftAssert.java:31)
at tests.PreApprovalHeadingValidation.preApprovalHeadingValidation(PreApprovalHeadingValidation.java:33)
at java.base/jdk.internal.reflect.NativeMethodAccessorImpl.invoke0(Native Method)
at java.base/jdk.internal.reflect.NativeMethodAccessorImpl.invoke(NativeMethodAccessorImpl.java:78)
at java.base/jdk.internal.reflect.DelegatingMethodAccessorImpl.invoke(DelegatingMethodAccessorImpl.java:43)
at java.base/java.lang.reflect.Method.invoke(Method.java:567)
at org.testng.internal.MethodInvocationHelper.invokeMethod(MethodInvocationHelper.java:133)
at org.testng.internal.TestInvoker.invokeMethod(TestInvoker.java:598)
at org.testng.internal.TestInvoker.invokeTestMethod(TestInvoker.java:173)
at org.testng.internal.MethodRunner.runInSequence(MethodRunner.java:46)
at org.testng.internal.TestInvoker$MethodInvocationAgent.invoke(TestInvoker.java:824)
at org.testng.internal.TestInvoker.invokeTestMethods(TestInvoker.java:146)
at org.testng.internal.TestMethodWorker.invokeTestMethods(TestMethodWorker.java:146)
at org.testng.internal.TestMethodWorker.run(TestMethodWorker.java:128)
at java.base/java.util.ArrayList.forEach(ArrayList.java:1511)
at org.testng.TestRunner.privateRun(TestRunner.java:794)
at org.testng.TestRunner.run(TestRunner.java:596)
at org.testng.SuiteRunner.runTest(SuiteRunner.java:377)
at org.testng.SuiteRunner.runSequentially(SuiteRunner.java:371)
at org.testng.SuiteRunner.privateRun(SuiteRunner.java:332)
at org.testng.SuiteRunner.run(SuiteRunner.java:276)
at org.testng.SuiteRunnerWorker.runSuite(SuiteRunnerWorker.java:53)
at org.testng.SuiteRunnerWorker.run(SuiteRunnerWorker.java:96)
at org.testng.TestNG.runSuitesSequentially(TestNG.java:1212)
at org.testng.TestNG.runSuitesLocally(TestNG.java:1134)
at org.testng.TestNG.runSuites(TestNG.java:1063)
at org.testng.TestNG.run(TestNG.java:1031)
at org.testng.remote.AbstractRemoteTestNG.run(AbstractRemoteTestNG.java:115)
at org.testng.remote.RemoteTestNG.initAndRun(RemoteTestNG.java:251)
at org.testng.remote.RemoteTestNG.main(RemoteTestNG.java:77)
]]>
            </full-stacktrace>
          </exception> <!-- java.lang.AssertionError -->
          <reporter-output>
          </reporter-output>
        </test-method> <!-- preApprovalHeadingValidation -->
        <test-method is-config="true" signature="tearDown()[pri:0, instance:tests.PreApprovalHeadingValidation@3224a577]" started-at="2023-12-12T20:57:56 IST" name="tearDown" finished-at="2023-12-12T20:57:56 IST" duration-ms="295" status="PASS">
          <reporter-output>
          </reporter-output>
        </test-method> <!-- tearDown -->
      </class> <!-- tests.PreApprovalHeadingValidation -->
    </test> <!-- Validating Pre-Approval Heading -->
    <test started-at="2023-12-12T20:57:56 IST" name="COI Request" finished-at="2023-12-12T20:59:48 IST" duration-ms="111847">
      <class name="tests.DisPotentionlConflictTile">
        <test-method is-config="true" signature="LandingPage()[pri:0, instance:tests.DisPotentionlConflictTile@651aed93]" started-at="2023-12-12T20:57:56 IST" name="LandingPage" finished-at="2023-12-12T20:58:06 IST" duration-ms="9259" status="PASS">
          <reporter-output>
          </reporter-output>
        </test-method> <!-- LandingPage -->
        <test-method signature="disclosePotentialConflictCompetitors()[pri:0, instance:tests.DisPotentionlConflictTile@651aed93]" started-at="2023-12-12T20:58:06 IST" name="disclosePotentialConflictCompetitors" finished-at="2023-12-12T20:58:54 IST" duration-ms="48156" status="PASS">
          <reporter-output>
          </reporter-output>
        </test-method> <!-- disclosePotentialConflictCompetitors -->
        <test-method is-config="true" signature="tearDown()[pri:0, instance:tests.DisPotentionlConflictTile@651aed93]" started-at="2023-12-12T20:58:54 IST" name="tearDown" finished-at="2023-12-12T20:58:54 IST" duration-ms="307" status="PASS">
          <reporter-output>
          </reporter-output>
        </test-method> <!-- tearDown -->
        <test-method is-config="true" signature="LandingPage()[pri:0, instance:tests.DisPotentionlConflictTile@651aed93]" started-at="2023-12-12T20:58:54 IST" name="LandingPage" finished-at="2023-12-12T20:59:04 IST" duration-ms="9607" status="PASS">
          <reporter-output>
          </reporter-output>
        </test-method> <!-- LandingPage -->
        <test-method signature="disclosePotentialConflictCustomers()[pri:0, instance:tests.DisPotentionlConflictTile@651aed93]" started-at="2023-12-12T20:59:04 IST" name="disclosePotentialConflictCustomers" finished-at="2023-12-12T20:59:48 IST" duration-ms="44081" status="PASS">
          <reporter-output>
          </reporter-output>
        </test-method> <!-- disclosePotentialConflictCustomers -->
        <test-method is-config="true" signature="tearDown()[pri:0, instance:tests.DisPotentionlConflictTile@651aed93]" started-at="2023-12-12T20:59:48 IST" name="tearDown" finished-at="2023-12-12T20:59:48 IST" duration-ms="427" status="PASS">
          <reporter-output>
          </reporter-output>
        </test-method> <!-- tearDown -->
      </class> <!-- tests.DisPotentionlConflictTile -->
    </test> <!-- COI Request -->
    <test started-at="2023-12-12T20:59:48 IST" name="PGTH Request" finished-at="2023-12-12T21:01:57 IST" duration-ms="129177">
      <class name="tests.PGTH">
        <test-method is-config="true" signature="LandingPage()[pri:0, instance:tests.PGTH@4c012563]" started-at="2023-12-12T20:59:48 IST" name="LandingPage" finished-at="2023-12-12T20:59:57 IST" duration-ms="9218" status="PASS">
          <reporter-output>
          </reporter-output>
        </test-method> <!-- LandingPage -->
        <test-method signature="Provide_a_Gift_Travel_or_Hospitality()[pri:0, instance:tests.PGTH@4c012563]" started-at="2023-12-12T20:59:57 IST" name="Provide_a_Gift_Travel_or_Hospitality" finished-at="2023-12-12T21:01:57 IST" duration-ms="119581" status="PASS">
          <reporter-output>
          </reporter-output>
        </test-method> <!-- Provide_a_Gift_Travel_or_Hospitality -->
        <test-method is-config="true" signature="tearDown()[pri:0, instance:tests.PGTH@4c012563]" started-at="2023-12-12T21:01:57 IST" name="tearDown" finished-at="2023-12-12T21:01:57 IST" duration-ms="370" status="PASS">
          <reporter-output>
          </reporter-output>
        </test-method> <!-- tearDown -->
      </class> <!-- tests.PGTH -->
    </test> <!-- PGTH Request -->
    <test started-at="2023-12-12T21:01:57 IST" name="RGTH Request" finished-at="2023-12-12T21:02:48 IST" duration-ms="50950">
      <class name="tests.RGTH">
        <test-method is-config="true" signature="LandingPage()[pri:0, instance:tests.RGTH@20d7d6fb]" started-at="2023-12-12T21:01:57 IST" name="LandingPage" finished-at="2023-12-12T21:02:08 IST" duration-ms="10586" status="PASS">
          <reporter-output>
          </reporter-output>
        </test-method> <!-- LandingPage -->
        <test-method signature="receiptGiftTravelHospitality()[pri:0, instance:tests.RGTH@20d7d6fb]" started-at="2023-12-12T21:02:08 IST" name="receiptGiftTravelHospitality" finished-at="2023-12-12T21:02:48 IST" duration-ms="39962" status="PASS">
          <reporter-output>
          </reporter-output>
        </test-method> <!-- receiptGiftTravelHospitality -->
        <test-method is-config="true" signature="tearDown()[pri:0, instance:tests.RGTH@20d7d6fb]" started-at="2023-12-12T21:02:48 IST" name="tearDown" finished-at="2023-12-12T21:02:48 IST" duration-ms="396" status="PASS">
          <reporter-output>
          </reporter-output>
        </test-method> <!-- tearDown -->
      </class> <!-- tests.RGTH -->
    </test> <!-- RGTH Request -->
  </suite> <!-- Suite -->
</testng-results>
